生成启动时间为 2016/12/25 22:25:31。
     1>项目“C:\Users\Rengar\documents\visual studio 2013\Projects\Final.3\Final.3\Final.3.vcxproj”在节点 2 上(Build 个目标)。
     1>C:\Program Files (x86)\MSBuild\Microsoft.Cpp\v4.0\V120\Microsoft.CppBuild.targets(935,5): warning MSB8027: Two or more files with the name of moc_IndexThread.cpp will produce outputs to the same location. This can lead to an incorrect build result.  The files involved are GeneratedFiles\Debug\moc_IndexThread.cpp, GeneratedFiles\Release\moc_IndexThread.cpp.
     1>C:\Program Files (x86)\MSBuild\Microsoft.Cpp\v4.0\V120\Microsoft.CppBuild.targets(935,5): warning MSB8027: Two or more files with the name of moc_myclass.cpp will produce outputs to the same location. This can lead to an incorrect build result.  The files involved are GeneratedFiles\Debug\moc_myclass.cpp, GeneratedFiles\Release\moc_myclass.cpp.
     1>C:\Program Files (x86)\MSBuild\Microsoft.Cpp\v4.0\V120\Microsoft.CppBuild.targets(935,5): warning MSB8027: Two or more files with the name of moc_WorkThread.cpp will produce outputs to the same location. This can lead to an incorrect build result.  The files involved are GeneratedFiles\Debug\moc_WorkThread.cpp, GeneratedFiles\Release\moc_WorkThread.cpp.
     1>ClCompile:
         G:\VS2013\VC\bin\x86_amd64\CL.exe /c /I.\GeneratedFiles /I. /IC:\Qt\Qt5.6.0\5.6\msvc2013_64\include /I.\GeneratedFiles\Debug /IC:\Qt\Qt5.6.0\5.6\msvc2013_64\include\QtCore /IC:\Qt\Qt5.6.0\5.6\msvc2013_64\include\QtGui /IC:\Qt\Qt5.6.0\5.6\msvc2013_64\include\QtWidgets /Zi /nologo /W1 /WX- /Od /D UNICODE /D WIN32 /D WIN64 /D QT_DLL /D QT_CORE_LIB /D QT_GUI_LIB /D QT_WIDGETS_LIB /D _UNICODE /D UNICODE /Gm- /EHsc /MDd /GS /fp:precise /Zc:wchar_t /Zc:forScope /Fo"x64\Debug\\" /Fd"x64\Debug\vc120.pdb" /Gd /TP /errorReport:prompt myclass.cpp
         myclass.cpp
       Link:
         G:\VS2013\VC\bin\x86_amd64\link.exe /ERRORREPORT:PROMPT /OUT:"C:\Users\Rengar\documents\visual studio 2013\Projects\Final.3\x64\Debug\\Final.3.exe" /NOLOGO /LIBPATH:C:\Qt\Qt5.6.0\5.6\msvc2013_64\lib qtmaind.lib Qt5Cored.lib Qt5Guid.lib Qt5Widgetsd.lib kernel32.lib user32.lib gdi32.lib winspool.lib comdlg32.lib advapi32.lib shell32.lib ole32.lib oleaut32.lib uuid.lib odbc32.lib odbccp32.lib /MANIFEST /MANIFESTUAC:"level='asInvoker' uiAccess='false'" /manifest:embed /DEBUG /PDB:"C:\Users\Rengar\documents\visual studio 2013\Projects\Final.3\x64\Debug\Final.3.pdb" /SUBSYSTEM:WINDOWS /TLBID:1 /DYNAMICBASE /NXCOMPAT /IMPLIB:"C:\Users\Rengar\documents\visual studio 2013\Projects\Final.3\x64\Debug\Final.3.lib" /MACHINE:X64 x64\Debug\Everything.obj
         x64\Debug\moc_IndexThread.obj
         x64\Debug\moc_myclass.obj
         x64\Debug\moc_WorkThread.obj
         x64\Debug\qrc_myclass.obj
         x64\Debug\IndexThread.obj
         x64\Debug\main.obj
         x64\Debug\myclass.obj
         x64\Debug\WorkThread.obj
         Final.3.vcxproj -> C:\Users\Rengar\documents\visual studio 2013\Projects\Final.3\x64\Debug\Final.3.exe
     1>已完成生成项目“C:\Users\Rengar\documents\visual studio 2013\Projects\Final.3\Final.3\Final.3.vcxproj”(Build 个目标)的操作。

生成成功。

已用时间 00:00:02.46
