生成启动时间为 2016/12/26 1:55:49。
     1>项目“C:\Users\Rengar\documents\visual studio 2013\Projects\Final.2\Final.2\Final.2.vcxproj”在节点 2 上(Build 个目标)。
     1>CustomBuild:
         Moc'ing myclass.h...
         Uic'ing myclass.ui...
         Moc'ing MyView.h...
         Rcc'ing myclass.qrc...
     1>RCC : warning : No resources in 'C:\Users\Rengar\documents\visual studio 2013\Projects\Final.2\Final.2\myclass.qrc'.
         
     1>C:\Program Files (x86)\MSBuild\Microsoft.Cpp\v4.0\V120\Microsoft.CppBuild.targets(935,5): warning MSB8027: Two or more files with the name of moc_myclass.cpp will produce outputs to the same location. This can lead to an incorrect build result.  The files involved are GeneratedFiles\Debug\moc_myclass.cpp, GeneratedFiles\Release\moc_myclass.cpp.
     1>C:\Program Files (x86)\MSBuild\Microsoft.Cpp\v4.0\V120\Microsoft.CppBuild.targets(935,5): warning MSB8027: Two or more files with the name of moc_MyView.cpp will produce outputs to the same location. This can lead to an incorrect build result.  The files involved are GeneratedFiles\Debug\moc_MyView.cpp, GeneratedFiles\Release\moc_MyView.cpp.
       ClCompile:
         G:\VS2013\VC\bin\x86_amd64\CL.exe /c /I.\GeneratedFiles /I. /IC:\Qt\Qt5.6.0\5.6\msvc2013_64\include /I.\GeneratedFiles\Release /IC:\Qt\Qt5.6.0\5.6\msvc2013_64\include\QtCore /IC:\Qt\Qt5.6.0\5.6\msvc2013_64\include\QtGui /IC:\Qt\Qt5.6.0\5.6\msvc2013_64\include\QtWidgets /IC:\Qt\Qt5.6.0\5.6\msvc2013_64\include\ActiveQt /nologo /W1 /WX- /O2 /D UNICODE /D WIN32 /D WIN64 /D QT_DLL /D QT_NO_DEBUG /D NDEBUG /D QT_CORE_LIB /D QT_GUI_LIB /D QT_WIDGETS_LIB /Gm- /EHsc /MD /GS /fp:precise /Zc:wchar_t /Zc:forScope /Fo"x64\Release\\" /Fd"x64\Release\vc120.pdb" /Gd /TP /errorReport:prompt GeneratedFiles\qrc_myclass.cpp
         qrc_myclass.cpp
         G:\VS2013\VC\bin\x86_amd64\CL.exe /c /I.\GeneratedFiles /I. /IC:\Qt\Qt5.6.0\5.6\msvc2013_64\include /I.\GeneratedFiles\Release /IC:\Qt\Qt5.6.0\5.6\msvc2013_64\include\QtCore /IC:\Qt\Qt5.6.0\5.6\msvc2013_64\include\QtGui /IC:\Qt\Qt5.6.0\5.6\msvc2013_64\include\QtWidgets /IC:\Qt\Qt5.6.0\5.6\msvc2013_64\include\ActiveQt /nologo /W1 /WX- /O2 /D UNICODE /D WIN32 /D WIN64 /D QT_DLL /D QT_NO_DEBUG /D NDEBUG /D QT_CORE_LIB /D QT_GUI_LIB /D QT_WIDGETS_LIB /Gm- /EHsc /MD /GS /fp:precise /Zc:wchar_t /Zc:forScope /Fo"x64\Release\\" /Fd"x64\Release\vc120.pdb" /Gd /TP /errorReport:prompt GeneratedFiles\Release\moc_myclass.cpp GeneratedFiles\Release\moc_MyView.cpp Graphmtx.cpp main.cpp myclass.cpp MyItem.cpp MyView.cpp Subway.cpp
         moc_myclass.cpp
         moc_MyView.cpp
         Graphmtx.cpp
         main.cpp
         myclass.cpp
         MyItem.cpp
         MyView.cpp
         Subway.cpp
         正在生成代码...
     1>c:\users\rengar\documents\visual studio 2013\projects\final.2\final.2\graphmtx.cpp(47): warning C4715: “Graphmtx::getFirstNeighbor”: 不是所有的控件路径都返回值
     1>c:\users\rengar\documents\visual studio 2013\projects\final.2\final.2\graphmtx.cpp(24): warning C4715: “Graphmtx::getValue”: 不是所有的控件路径都返回值
       Link:
         G:\VS2013\VC\bin\x86_amd64\link.exe /ERRORREPORT:PROMPT /OUT:"C:\Users\Rengar\documents\visual studio 2013\Projects\Final.2\x64\Release\\Final.2.exe" /NOLOGO /LIBPATH:C:\Qt\Qt5.6.0\5.6\msvc2013_64\lib qtmain.lib Qt5Core.lib Qt5Gui.lib Qt5Widgets.lib Qt5AxContainer.lib Qt5AxBase.lib kernel32.lib user32.lib gdi32.lib winspool.lib comdlg32.lib advapi32.lib shell32.lib ole32.lib oleaut32.lib uuid.lib odbc32.lib odbccp32.lib /MANIFEST /MANIFESTUAC:"level='asInvoker' uiAccess='false'" /manifest:embed /PDB:"C:\Users\Rengar\documents\visual studio 2013\Projects\Final.2\x64\Release\Final.2.pdb" /SUBSYSTEM:WINDOWS /TLBID:1 /DYNAMICBASE /NXCOMPAT /IMPLIB:"C:\Users\Rengar\documents\visual studio 2013\Projects\Final.2\x64\Release\Final.2.lib" /MACHINE:X64 x64\Release\qrc_myclass.obj
         x64\Release\moc_myclass.obj
         x64\Release\moc_MyView.obj
         x64\Release\Graphmtx.obj
         x64\Release\main.obj
         x64\Release\myclass.obj
         x64\Release\MyItem.obj
         x64\Release\MyView.obj
         x64\Release\Subway.obj
         Final.2.vcxproj -> C:\Users\Rengar\documents\visual studio 2013\Projects\Final.2\x64\Release\Final.2.exe
     1>已完成生成项目“C:\Users\Rengar\documents\visual studio 2013\Projects\Final.2\Final.2\Final.2.vcxproj”(Build 个目标)的操作。

生成成功。

已用时间 00:00:16.46
