生成启动时间为 2016/12/26 0:24:37。
     1>项目“G:\作业什么的吧\数据结构\大实习-111151-07-刘英卓\Final.3\Final.3\Final.3.vcxproj”在节点 2 上(Build 个目标)。
     1>CustomBuild:
         Moc'ing myclass.h...
         Uic'ing myclass.ui...
         Moc'ing IndexThread.h...
         Moc'ing WorkThread.h...
         Rcc'ing myclass.qrc...
     1>C:\Program Files (x86)\MSBuild\Microsoft.Cpp\v4.0\V120\Microsoft.CppBuild.targets(935,5): warning MSB8027: Two or more files with the name of moc_IndexThread.cpp will produce outputs to the same location. This can lead to an incorrect build result.  The files involved are GeneratedFiles\Debug\moc_IndexThread.cpp, GeneratedFiles\Release\moc_IndexThread.cpp.
     1>C:\Program Files (x86)\MSBuild\Microsoft.Cpp\v4.0\V120\Microsoft.CppBuild.targets(935,5): warning MSB8027: Two or more files with the name of moc_myclass.cpp will produce outputs to the same location. This can lead to an incorrect build result.  The files involved are GeneratedFiles\Debug\moc_myclass.cpp, GeneratedFiles\Release\moc_myclass.cpp.
     1>C:\Program Files (x86)\MSBuild\Microsoft.Cpp\v4.0\V120\Microsoft.CppBuild.targets(935,5): warning MSB8027: Two or more files with the name of moc_WorkThread.cpp will produce outputs to the same location. This can lead to an incorrect build result.  The files involved are GeneratedFiles\Debug\moc_WorkThread.cpp, GeneratedFiles\Release\moc_WorkThread.cpp.
       ClCompile:
         G:\VS2013\VC\bin\x86_amd64\CL.exe /c /I.\GeneratedFiles /I. /IC:\Qt\Qt5.6.0\5.6\msvc2013_64\include /I.\GeneratedFiles\Release /IC:\Qt\Qt5.6.0\5.6\msvc2013_64\include\QtCore /IC:\Qt\Qt5.6.0\5.6\msvc2013_64\include\QtGui /IC:\Qt\Qt5.6.0\5.6\msvc2013_64\include\QtWidgets /nologo /W1 /WX- /O2 /D UNICODE /D WIN32 /D WIN64 /D QT_DLL /D QT_NO_DEBUG /D NDEBUG /D QT_CORE_LIB /D QT_GUI_LIB /D QT_WIDGETS_LIB /Gm- /EHsc /MD /GS /fp:precise /Zc:wchar_t /Zc:forScope /Fo"x64\Release\\" /Fd"x64\Release\vc120.pdb" /Gd /TP /errorReport:prompt Everything.cpp GeneratedFiles\Release\moc_IndexThread.cpp GeneratedFiles\Release\moc_myclass.cpp GeneratedFiles\Release\moc_WorkThread.cpp IndexThread.cpp main.cpp myclass.cpp WorkThread.cpp
         Everything.cpp
         moc_IndexThread.cpp
         moc_myclass.cpp
         moc_WorkThread.cpp
         IndexThread.cpp
         main.cpp
         myclass.cpp
         WorkThread.cpp
         正在生成代码...
     1>g:\作业什么的吧\数据结构\大实习-111151-07-刘英卓\final.3\final.3\everything.cpp(60): warning C4715: “Everything::findFile”: 不是所有的控件路径都返回值
         G:\VS2013\VC\bin\x86_amd64\CL.exe /c /I.\GeneratedFiles /I. /IC:\Qt\Qt5.6.0\5.6\msvc2013_64\include /I.\GeneratedFiles\Release /IC:\Qt\Qt5.6.0\5.6\msvc2013_64\include\QtCore /IC:\Qt\Qt5.6.0\5.6\msvc2013_64\include\QtGui /IC:\Qt\Qt5.6.0\5.6\msvc2013_64\include\QtWidgets /nologo /W1 /WX- /O2 /D UNICODE /D WIN32 /D WIN64 /D QT_DLL /D QT_NO_DEBUG /D NDEBUG /D QT_CORE_LIB /D QT_GUI_LIB /D QT_WIDGETS_LIB /Gm- /EHsc /MD /GS /fp:precise /Zc:wchar_t /Zc:forScope /Fo"x64\Release\\" /Fd"x64\Release\vc120.pdb" /Gd /TP /errorReport:prompt GeneratedFiles\qrc_myclass.cpp
         qrc_myclass.cpp
       Link:
         G:\VS2013\VC\bin\x86_amd64\link.exe /ERRORREPORT:PROMPT /OUT:"G:\作业什么的吧\数据结构\大实习-111151-07-刘英卓\Final.3\x64\Release\\Final.3.exe" /NOLOGO /LIBPATH:C:\Qt\Qt5.6.0\5.6\msvc2013_64\lib qtmain.lib Qt5Core.lib Qt5Gui.lib Qt5Widgets.lib kernel32.lib user32.lib gdi32.lib winspool.lib comdlg32.lib advapi32.lib shell32.lib ole32.lib oleaut32.lib uuid.lib odbc32.lib odbccp32.lib /MANIFEST /MANIFESTUAC:"level='asInvoker' uiAccess='false'" /manifest:embed /PDB:"G:\作业什么的吧\数据结构\大实习-111151-07-刘英卓\Final.3\x64\Release\Final.3.pdb" /SUBSYSTEM:WINDOWS /TLBID:1 /DYNAMICBASE /NXCOMPAT /IMPLIB:"G:\作业什么的吧\数据结构\大实习-111151-07-刘英卓\Final.3\x64\Release\Final.3.lib" /MACHINE:X64 x64\Release\Everything.obj
         x64\Release\qrc_myclass.obj
         x64\Release\moc_IndexThread.obj
         x64\Release\moc_myclass.obj
         x64\Release\moc_WorkThread.obj
         x64\Release\IndexThread.obj
         x64\Release\main.obj
         x64\Release\myclass.obj
         x64\Release\WorkThread.obj
         Final.3.vcxproj -> G:\作业什么的吧\数据结构\大实习-111151-07-刘英卓\Final.3\x64\Release\Final.3.exe
     1>已完成生成项目“G:\作业什么的吧\数据结构\大实习-111151-07-刘英卓\Final.3\Final.3\Final.3.vcxproj”(Build 个目标)的操作。

生成成功。

已用时间 00:00:13.96
