生成启动时间为 2016/12/26 1:10:09。
     1>项目“C:\Users\Rengar\Documents\Visual Studio 2013\Projects\Final.1\Final.1.1\Final.1.1.vcxproj”在节点 2 上(Build 个目标)。
     1>C:\Program Files (x86)\MSBuild\Microsoft.Cpp\v4.0\V120\Microsoft.CppBuild.targets(935,5): warning MSB8027: Two or more files with the name of moc_diskDialog.cpp will produce outputs to the same location. This can lead to an incorrect build result.  The files involved are GeneratedFiles\Debug\moc_diskDialog.cpp, GeneratedFiles\Release\moc_diskDialog.cpp.
     1>C:\Program Files (x86)\MSBuild\Microsoft.Cpp\v4.0\V120\Microsoft.CppBuild.targets(935,5): warning MSB8027: Two or more files with the name of moc_listDialog.cpp will produce outputs to the same location. This can lead to an incorrect build result.  The files involved are GeneratedFiles\Debug\moc_listDialog.cpp, GeneratedFiles\Release\moc_listDialog.cpp.
     1>C:\Program Files (x86)\MSBuild\Microsoft.Cpp\v4.0\V120\Microsoft.CppBuild.targets(935,5): warning MSB8027: Two or more files with the name of moc_myclass.cpp will produce outputs to the same location. This can lead to an incorrect build result.  The files involved are GeneratedFiles\Debug\moc_myclass.cpp, GeneratedFiles\Release\moc_myclass.cpp.
     1>C:\Program Files (x86)\MSBuild\Microsoft.Cpp\v4.0\V120\Microsoft.CppBuild.targets(935,5): warning MSB8027: Two or more files with the name of moc_QCalculate.cpp will produce outputs to the same location. This can lead to an incorrect build result.  The files involved are GeneratedFiles\Debug\moc_QCalculate.cpp, GeneratedFiles\Release\moc_QCalculate.cpp.
     1>C:\Program Files (x86)\MSBuild\Microsoft.Cpp\v4.0\V120\Microsoft.CppBuild.targets(935,5): warning MSB8027: Two or more files with the name of moc_teamDialog.cpp will produce outputs to the same location. This can lead to an incorrect build result.  The files involved are GeneratedFiles\Debug\moc_teamDialog.cpp, GeneratedFiles\Release\moc_teamDialog.cpp.
     1>ClCompile:
         G:\VS2013\VC\bin\x86_amd64\CL.exe /c /I.\GeneratedFiles /I. /IC:\Qt\Qt5.6.0\5.6\msvc2013_64\include /I.\GeneratedFiles\Debug /IC:\Qt\Qt5.6.0\5.6\msvc2013_64\include\QtCore /IC:\Qt\Qt5.6.0\5.6\msvc2013_64\include\QtGui /IC:\Qt\Qt5.6.0\5.6\msvc2013_64\include\QtWidgets /IC:\Qt\Qt5.6.0\5.6\msvc2013_64\include\QtMultimedia /IC:\Qt\Qt5.6.0\5.6\msvc2013_64\include\QtMultimediaWidgets /Zi /nologo /W1 /WX- /Od /D UNICODE /D WIN32 /D WIN64 /D QT_DLL /D QT_CORE_LIB /D QT_GUI_LIB /D QT_WIDGETS_LIB /D QT_MULTIMEDIA_LIB /D QT_MULTIMEDIAWIDGETS_LIB /Gm- /EHsc /MDd /GS /fp:precise /Zc:wchar_t /Zc:forScope /Fo"x64\Debug\\" /Fd"x64\Debug\vc120.pdb" /Gd /TP /errorReport:prompt GeneratedFiles\Debug\moc_QCalculate.cpp GeneratedFiles\Debug\moc_diskDialog.cpp GeneratedFiles\Debug\moc_listDialog.cpp GeneratedFiles\Debug\moc_myclass.cpp GeneratedFiles\Debug\moc_teamDialog.cpp QCalculate.cpp Team.cpp diskDialog.cpp listDialog.cpp main.cpp myclass.cpp teamDialog.cpp
         moc_QCalculate.cpp
         moc_diskDialog.cpp
         moc_listDialog.cpp
         moc_myclass.cpp
         moc_teamDialog.cpp
         QCalculate.cpp
         Team.cpp
         diskDialog.cpp
         listDialog.cpp
         main.cpp
         myclass.cpp
         teamDialog.cpp
         正在生成代码...
         G:\VS2013\VC\bin\x86_amd64\CL.exe /c /I.\GeneratedFiles /I. /IC:\Qt\Qt5.6.0\5.6\msvc2013_64\include /I.\GeneratedFiles\Debug /IC:\Qt\Qt5.6.0\5.6\msvc2013_64\include\QtCore /IC:\Qt\Qt5.6.0\5.6\msvc2013_64\include\QtGui /IC:\Qt\Qt5.6.0\5.6\msvc2013_64\include\QtWidgets /IC:\Qt\Qt5.6.0\5.6\msvc2013_64\include\QtMultimedia /IC:\Qt\Qt5.6.0\5.6\msvc2013_64\include\QtMultimediaWidgets /Zi /nologo /W1 /WX- /Od /D UNICODE /D WIN32 /D WIN64 /D QT_DLL /D QT_CORE_LIB /D QT_GUI_LIB /D QT_WIDGETS_LIB /D QT_MULTIMEDIA_LIB /D QT_MULTIMEDIAWIDGETS_LIB /Gm- /EHsc /MDd /GS /fp:precise /Zc:wchar_t /Zc:forScope /Fo"x64\Debug\\" /Fd"x64\Debug\vc120.pdb" /Gd /TP /errorReport:prompt GeneratedFiles\qrc_myclass.cpp
         qrc_myclass.cpp
       Link:
         G:\VS2013\VC\bin\x86_amd64\link.exe /ERRORREPORT:PROMPT /OUT:"C:\Users\Rengar\Documents\Visual Studio 2013\Projects\Final.1\x64\Debug\\Final.1.exe" /NOLOGO /LIBPATH:C:\Qt\Qt5.6.0\5.6\msvc2013_64\lib qtmaind.lib Qt5Cored.lib Qt5Guid.lib Qt5Widgetsd.lib Qt5Multimediad.lib Qt5MultimediaWidgetsd.lib kernel32.lib user32.lib gdi32.lib winspool.lib comdlg32.lib advapi32.lib shell32.lib ole32.lib oleaut32.lib uuid.lib odbc32.lib odbccp32.lib /MANIFEST /MANIFESTUAC:"level='asInvoker' uiAccess='false'" /manifest:embed /DEBUG /PDB:"C:\Users\Rengar\Documents\Visual Studio 2013\Projects\Final.1\x64\Debug\Final.1.pdb" /SUBSYSTEM:WINDOWS /TLBID:1 /DYNAMICBASE /NXCOMPAT /IMPLIB:"C:\Users\Rengar\Documents\Visual Studio 2013\Projects\Final.1\x64\Debug\Final.1.lib" /MACHINE:X64 x64\Debug\Disk.obj
         x64\Debug\diskDialog.obj
         x64\Debug\moc_diskDialog.obj
         x64\Debug\moc_listDialog.obj
         x64\Debug\moc_myclass.obj
         x64\Debug\moc_QCalculate.obj
         x64\Debug\moc_teamDialog.obj
         x64\Debug\qrc_myclass.obj
         x64\Debug\Graphmtx.obj
         x64\Debug\LIst.obj
         x64\Debug\listDialog.obj
         x64\Debug\main.obj
         x64\Debug\myclass.obj
         x64\Debug\QCalculate.obj
         x64\Debug\Team.obj
         x64\Debug\teamDialog.obj
         Final.1.1.vcxproj -> C:\Users\Rengar\Documents\Visual Studio 2013\Projects\Final.1\x64\Debug\Final.1.exe
     1>已完成生成项目“C:\Users\Rengar\Documents\Visual Studio 2013\Projects\Final.1\Final.1.1\Final.1.1.vcxproj”(Build 个目标)的操作。

生成成功。

已用时间 00:00:21.70
